258.33
----------
319.75
351.96
----------
85.56
63.57
186.74
274.69
246.03
150.66
25.72
9.18
----------
1.11
0.08
40.37
41.68
82.95
----------
22.66
40.84
----------
62.45
23.41
112.49
113.44
52.07
100.42
10.04
----------
22.81
75.83
----------
188.68
286.04
187.95
190.85
199.34
47.24
----------
6.90
3.48
11.39
105.82
16.35
141.73
138.38
76.36
46.80
50.42
----------
108.46
130.41
211.23
6.62
2.50
39.27
61.66
184.15
206.38
0.67
----------
101.27
63.39
50.00
3.41
55.28
25.83
----------
0.77
154.98
338.49
364.98
627.03
627.69
629.98
796.63
1077.68
1084.41
----------
3.95
82.58
----------
46.50
75.05
72.80
80.93
62.04
221.71
64.22
----------
9.83
----------
206.29
167.44
160.14
37.37
17.51
18.00
0.78
0.66
20.73
----------
33.83
71.42
----------
113.31
70.71
109.70
107.03
----------
31.36
10.11
0.88
0.53
0.26
0.12
21.89
----------
11.50
11.54
10.75
11.58
24.51
85.26
----------
