Case: 1
Row Sums:   2237   2578   2212   2125   1134
Row Mins:    160    155    311    128    167
Col Sums:   2604   2375   3211   2096
Col Maxs:    890    918    962    903
Min Mins:    128
Max Maxs:    962
====================
Case: 2
Row Sums:   4487   5872   3094   3976   5412   6118   3912
Row Mins:    234    182     10     10    174    402     62
Col Sums:   3852   3226   4909   3824   3974   2639   4094   2909   3444
Col Maxs:    984    608    961    925    958    760    932    688    950
Min Mins:     10
Max Maxs:    984
====================
Case: 3
Row Sums:   1764    752
Row Mins:    814     74
Col Sums:   1492   1024
Col Maxs:    814    950
Min Mins:     74
Max Maxs:    950
====================
Case: 4
Row Sums:   1954   1554   1142
Row Mins:    178     43     27
Col Sums:    798   2746   1106
Col Maxs:    593    989    937
Min Mins:     27
Max Maxs:    989
====================
Case: 5
Row Sums:    644    595   1491   1078    985    810    384   1225   1010
Row Mins:    157     73    717    297     17    305     86    363    131
Col Sums:   4192   4030
Col Maxs:    879    968
Min Mins:     17
Max Maxs:    968
====================
Case: 6
Row Sums:   3861   4418
Row Mins:     15      9
Col Sums:   1402    506   1807    458    586    652    514   1843    511
Col Maxs:    891    497    936    383    346    637    431    997    264
Min Mins:      9
Max Maxs:    997
====================
Case: 7
Row Sums:   4796   5516   5581   4202   4313   6035   5540   4837   4066   4558
Row Mins:     79     90    275    149      2    102      0    139     75     26
Col Sums:   3781   4915   6112   4995   5879   5189   3647   3980   5147   5799
Col Maxs:    662    996    895    995    996    998    965    586    950   1000
Min Mins:      0
Max Maxs:   1000
====================
