() is nested correctly
{} is nested correctly
[] is nested correctly
( is nested incorrectly
{ is nested incorrectly
[ is nested incorrectly
{([([{([[{a}]])}])])} is nested correctly
}{ is nested incorrectly
][ is nested incorrectly
(a+b)*{a-b}-[a-b] is nested correctly
({[]}) is nested correctly
(((((((((]))))))))) is nested incorrectly
{{{{{{{{{{}}}}}}}}}} is nested correctly
[[[[[[[[[[[]]]]]]]]]]] is nested correctly
][[[[[[[[[[[[]]]]]]]]]]]] is nested incorrectly
}{{{{{{}}}}}} is nested incorrectly
{{{{}}} is nested incorrectly
(((((((())))))))) is nested incorrectly
a+b*d is nested correctly
(a+b{x+x}*{(2+3)*[a]}) is nested correctly
